TN:
SF:src\services\CreateLesson.ts
FN:8,get
FN:13,execute
FN:9,CreateLesson
FNF:3
FNH:3
FNDA:2,get
FNDA:2,execute
FNDA:2,CreateLesson
DA:1,1
DA:2,1
DA:3,1
DA:4,1
DA:5,1
DA:6,1
DA:7,1
DA:8,1
DA:9,1
DA:10,2
DA:11,2
DA:12,1
DA:13,1
DA:14,2
DA:15,2
DA:16,1
DA:17,1
DA:18,1
DA:19,1
DA:20,1
DA:21,1
DA:22,1
DA:23,1
DA:24,1
LF:24
LH:24
BRDA:8,0,0,2
BRDA:13,1,0,2
BRDA:15,2,0,1
BRDA:9,3,0,2
BRF:4
BRH:4
end_of_record
TN:
SF:test\repositories\InMemoryLessonsRepository.ts
FN:6,get
FN:9,create
FNF:2
FNH:2
FNDA:2,get
FNDA:1,create
DA:1,1
DA:2,1
DA:3,1
DA:4,1
DA:5,1
DA:6,1
DA:7,1
DA:8,1
DA:9,1
DA:10,1
DA:11,1
DA:12,1
DA:13,1
DA:14,1
DA:15,1
DA:16,1
LF:16
LH:16
BRDA:6,0,0,2
BRDA:9,1,0,1
BRF:2
BRH:2
end_of_record
